<?xml version="1.0" encoding="UTF-8"?>
<testsuite name="com.example.shoppingmall.ShoppingMallApplicationTests" tests="1" skipped="0" failures="0" errors="0" timestamp="2022-11-28T13:56:15" hostname="bastion-tf" time="0.254">
  <properties/>
  <testcase name="contextLoads()" classname="com.example.shoppingmall.ShoppingMallApplicationTests" time="0.254"/>
  <system-out><![CDATA[13:56:04.086 [Test worker] DEBUG org.springframework.test.context.BootstrapUtils - Instantiating CacheAwareContextLoaderDelegate from class [org.springframework.test.context.cache.DefaultCacheAwareContextLoaderDelegate]
13:56:04.102 [Test worker] DEBUG org.springframework.test.context.BootstrapUtils - Instantiating BootstrapContext using constructor [public org.springframework.test.context.support.DefaultBootstrapContext(java.lang.Class,org.springframework.test.context.CacheAwareContextLoaderDelegate)]
13:56:04.209 [Test worker] DEBUG org.springframework.test.context.BootstrapUtils - Instantiating TestContextBootstrapper for test class [com.example.shoppingmall.ShoppingMallApplicationTests] from class [org.springframework.boot.test.context.SpringBootTestContextBootstrapper]
13:56:04.236 [Test worker] INFO org.springframework.boot.test.context.SpringBootTestContextBootstrapper - Neither @ContextConfiguration nor @ContextHierarchy found for test class [com.example.shoppingmall.ShoppingMallApplicationTests], using SpringBootContextLoader
13:56:04.240 [Test worker] DEBUG org.springframework.test.context.support.AbstractContextLoader - Did not detect default resource location for test class [com.example.shoppingmall.ShoppingMallApplicationTests]: class path resource [com/example/shoppingmall/ShoppingMallApplicationTests-context.xml] does not exist
13:56:04.251 [Test worker] DEBUG org.springframework.test.context.support.AbstractContextLoader - Did not detect default resource location for test class [com.example.shoppingmall.ShoppingMallApplicationTests]: class path resource [com/example/shoppingmall/ShoppingMallApplicationTestsContext.groovy] does not exist
13:56:04.252 [Test worker] INFO org.springframework.test.context.support.AbstractContextLoader - Could not detect default resource locations for test class [com.example.shoppingmall.ShoppingMallApplicationTests]: no resource found for suffixes {-context.xml, Context.groovy}.
13:56:04.252 [Test worker] INFO org.springframework.test.context.support.AnnotationConfigContextLoaderUtils - Could not detect default configuration classes for test class [com.example.shoppingmall.ShoppingMallApplicationTests]: ShoppingMallApplicationTests does not declare any static, non-private, non-final, nested classes annotated with @Configuration.
13:56:04.355 [Test worker] DEBUG org.springframework.test.context.support.ActiveProfilesUtils - Could not find an 'annotation declaring class' for annotation type [org.springframework.test.context.ActiveProfiles] and class [com.example.shoppingmall.ShoppingMallApplicationTests]
13:56:04.478 [Test worker] DEBUG org.springframework.context.annotation.ClassPathScanningCandidateComponentProvider - Identified candidate component class: file [/home/pse741/ShoppingMall/build/classes/java/main/com/example/shoppingmall/ShoppingMallApplication.class]
13:56:04.493 [Test worker] INFO org.springframework.boot.test.context.SpringBootTestContextBootstrapper - Found @SpringBootConfiguration com.example.shoppingmall.ShoppingMallApplication for test class com.example.shoppingmall.ShoppingMallApplicationTests
13:56:04.711 [Test worker] DEBUG org.springframework.boot.test.context.SpringBootTestContextBootstrapper - @TestExecutionListeners is not present for class [com.example.shoppingmall.ShoppingMallApplicationTests]: using defaults.
13:56:04.712 [Test worker] INFO org.springframework.boot.test.context.SpringBootTestContextBootstrapper - Loaded default TestExecutionListener class names from location [META-INF/spring.factories]: [org.springframework.security.test.context.support.WithSecurityContextTestExecutionListener, org.springframework.security.test.context.support.ReactorContextTestExecutionListener, org.springframework.boot.test.autoconfigure.restdocs.RestDocsTestExecutionListener, org.springframework.boot.test.autoconfigure.web.client.MockRestServiceServerResetTestExecutionListener, org.springframework.boot.test.autoconfigure.web.servlet.MockMvcPrintOnlyOnFailureTestExecutionListener, org.springframework.boot.test.autoconfigure.web.servlet.WebDriverTestExecutionListener, org.springframework.boot.test.autoconfigure.webservices.client.MockWebServiceServerTestExecutionListener, org.springframework.boot.test.mock.mockito.MockitoTestExecutionListener, org.springframework.boot.test.mock.mockito.ResetMocksTestExecutionListener, org.springframework.test.context.web.ServletTestExecutionListener, org.springframework.test.context.support.DirtiesContextBeforeModesTestExecutionListener, org.springframework.test.context.event.ApplicationEventsTestExecutionListener, org.springframework.test.context.support.DependencyInjectionTestExecutionListener, org.springframework.test.context.support.DirtiesContextTestExecutionListener, org.springframework.test.context.transaction.TransactionalTestExecutionListener, org.springframework.test.context.jdbc.SqlScriptsTestExecutionListener, org.springframework.test.context.event.EventPublishingTestExecutionListener]
13:56:04.767 [Test worker] INFO org.springframework.boot.test.context.SpringBootTestContextBootstrapper - Using TestExecutionListeners: [org.springframework.test.context.web.ServletTestExecutionListener@292d1c71, org.springframework.test.context.support.DirtiesContextBeforeModesTestExecutionListener@2b491fee, org.springframework.test.context.event.ApplicationEventsTestExecutionListener@3f1c5af9, org.springframework.boot.test.mock.mockito.MockitoTestExecutionListener@1c55f277, org.springframework.boot.test.autoconfigure.SpringBootDependencyInjectionTestExecutionListener@5ddabb18, org.springframework.test.context.support.DirtiesContextTestExecutionListener@3e8f7922, org.springframework.test.context.transaction.TransactionalTestExecutionListener@63192798, org.springframework.test.context.jdbc.SqlScriptsTestExecutionListener@50eca7c6, org.springframework.security.test.context.support.WithSecurityContextTestExecutionListener@58e6d4b8, org.springframework.test.context.event.EventPublishingTestExecutionListener@1de5f0ef, org.springframework.security.test.context.support.ReactorContextTestExecutionListener@376a312c, org.springframework.boot.test.autoconfigure.restdocs.RestDocsTestExecutionListener@28d6290, org.springframework.boot.test.autoconfigure.web.client.MockRestServiceServerResetTestExecutionListener@6ca0256d, org.springframework.boot.test.autoconfigure.web.servlet.MockMvcPrintOnlyOnFailureTestExecutionListener@5ef0d29e, org.springframework.boot.test.autoconfigure.web.servlet.WebDriverTestExecutionListener@38f57b3d, org.springframework.boot.test.autoconfigure.webservices.client.MockWebServiceServerTestExecutionListener@51850751, org.springframework.boot.test.mock.mockito.ResetMocksTestExecutionListener@3ce3db41]
13:56:04.770 [Test worker] DEBUG org.springframework.test.context.support.AbstractDirtiesContextTestExecutionListener - Before test class: context [DefaultTestContext@1d7f7be7 testClass = ShoppingMallApplicationTests, testInstance = [null], testMethod = [null], testException = [null], mergedContextConfiguration = [WebMergedContextConfiguration@42f3156d testClass = ShoppingMallApplicationTests, locations = '{}', classes = '{class com.example.shoppingmall.ShoppingMallApplication}', contextInitializerClasses = '[]', activeProfiles = '{}', propertySourceLocations = '{}', propertySourceProperties = '{org.springframework.boot.test.context.SpringBootTestContextBootstrapper=true}', contextCustomizers = set[org.springframework.boot.test.autoconfigure.actuate.metrics.MetricsExportContextCustomizerFactory$DisableMetricExportContextCustomizer@4b23c30a, org.springframework.boot.test.autoconfigure.properties.PropertyMappingContextCustomizer@0, org.springframework.boot.test.autoconfigure.web.servlet.WebDriverContextCustomizerFactory$Customizer@c94fd30, org.springframework.boot.test.context.filter.ExcludeFilterContextCustomizer@76a2ddf3, org.springframework.boot.test.json.DuplicateJsonObjectContextCustomizerFactory$DuplicateJsonObjectContextCustomizer@49ff7d8c, org.springframework.boot.test.mock.mockito.MockitoContextCustomizer@0, org.springframework.boot.test.web.client.TestRestTemplateContextCustomizer@38aa816f, org.springframework.boot.test.context.SpringBootTestArgs@1, org.springframework.boot.test.context.SpringBootTestWebEnvironment@6c779568], resourceBasePath = 'src/main/webapp', contextLoader = 'org.springframework.boot.test.context.SpringBootContextLoader', parent = [null]], attributes = map['org.springframework.test.context.web.ServletTestExecutionListener.activateListener' -> true]], class annotated with @DirtiesContext [false] with mode [null].
13:56:04.920 [Test worker] DEBUG org.springframework.boot.ApplicationServletEnvironment - Activating profiles []
13:56:04.921 [Test worker] DEBUG org.springframework.test.context.support.TestPropertySourceUtils - Adding inlined properties to environment: {spring.jmx.enabled=false, org.springframework.boot.test.context.SpringBootTestContextBootstrapper=true}

  .   ____          _            __ _ _
 /\\ / ___'_ __ _ _(_)_ __  __ _ \ \ \ \
( ( )\___ | '_ | '_| | '_ \/ _` | \ \ \ \
 \\/  ___)| |_)| | | | | || (_| |  ) ) ) )
  '  |____| .__|_| |_|_| |_\__, | / / / /
 =========|_|==============|___/=/_/_/_/
 :: Spring Boot ::                (v2.6.2)

2022-11-28 13:56:05.507  INFO 100354 --- [    Test worker] c.e.s.ShoppingMallApplicationTests       : Starting ShoppingMallApplicationTests using Java 11.0.17 on bastion-tf with PID 100354 (started by pse741 in /home/pse741/ShoppingMall)
2022-11-28 13:56:05.526  INFO 100354 --- [    Test worker] c.e.s.ShoppingMallApplicationTests       : No active profile set, falling back to default profiles: default
2022-11-28 13:56:07.269  INFO 100354 --- [    Test worker] .s.d.r.c.RepositoryConfigurationDelegate : Bootstrapping Spring Data JPA repositories in DEFAULT mode.
2022-11-28 13:56:07.399  INFO 100354 --- [    Test worker] .s.d.r.c.RepositoryConfigurationDelegate : Finished Spring Data repository scanning in 117 ms. Found 5 JPA repository interfaces.
2022-11-28 13:56:08.911  INFO 100354 --- [    Test worker] o.hibernate.jpa.internal.util.LogHelper  : HHH000204: Processing PersistenceUnitInfo [name: default]
2022-11-28 13:56:09.022  INFO 100354 --- [    Test worker] org.hibernate.Version                    : HHH000412: Hibernate ORM core version 5.6.3.Final
2022-11-28 13:56:09.397  INFO 100354 --- [    Test worker] o.hibernate.annotations.common.Version   : HCANN000001: Hibernate Commons Annotations {5.1.2.Final}
2022-11-28 13:56:09.595  INFO 100354 --- [    Test worker] com.zaxxer.hikari.HikariDataSource       : HikariPool-1 - Starting...
2022-11-28 13:56:09.706  INFO 100354 --- [    Test worker] com.zaxxer.hikari.HikariDataSource       : HikariPool-1 - Start completed.
2022-11-28 13:56:09.778  INFO 100354 --- [    Test worker] org.hibernate.dialect.Dialect            : HHH000400: Using dialect: org.hibernate.dialect.MariaDB53Dialect
2022-11-28 13:56:11.342  INFO 100354 --- [    Test worker] o.h.e.t.j.p.i.JtaPlatformInitiator       : HHH000490: Using JtaPlatform implementation: [org.hibernate.engine.transaction.jta.platform.internal.NoJtaPlatform]
2022-11-28 13:56:11.351  INFO 100354 --- [    Test worker] j.LocalContainerEntityManagerFactoryBean : Initialized JPA EntityManagerFactory for persistence unit 'default'
2022-11-28 13:56:11.552  WARN 100354 --- [    Test worker] JpaBaseConfiguration$JpaWebConfiguration : spring.jpa.open-in-view is enabled by default. Therefore, database queries may be performed during view rendering. Explicitly configure spring.jpa.open-in-view to disable this warning
2022-11-28 13:56:13.417  INFO 100354 --- [    Test worker] o.s.s.web.DefaultSecurityFilterChain     : Will secure any request with [org.springframework.security.web.context.request.async.WebAsyncManagerIntegrationFilter@21d48c40, org.springframework.security.web.context.SecurityContextPersistenceFilter@303db609, org.springframework.security.web.header.HeaderWriterFilter@c31419f, org.springframework.security.web.authentication.logout.LogoutFilter@772bc4c9, org.springframework.security.web.authentication.UsernamePasswordAuthenticationFilter@1231f25c, org.springframework.security.web.savedrequest.RequestCacheAwareFilter@a238a8e, org.springframework.security.web.servletapi.SecurityContextHolderAwareRequestFilter@23b087c3, org.springframework.security.web.authentication.AnonymousAuthenticationFilter@4a10c019, org.springframework.security.web.session.SessionManagementFilter@7267006e, org.springframework.security.web.access.ExceptionTranslationFilter@60e5eed0, org.springframework.security.web.access.intercept.FilterSecurityInterceptor@29bf90fc]
2022-11-28 13:56:14.908  INFO 100354 --- [    Test worker] o.s.b.a.w.s.WelcomePageHandlerMapping    : Adding welcome page: class path resource [static/index.html]
2022-11-28 13:56:15.735  INFO 100354 --- [    Test worker] c.e.s.ShoppingMallApplicationTests       : Started ShoppingMallApplicationTests in 10.812 seconds (JVM running for 13.361)
]]></system-out>
  <system-err><![CDATA[]]></system-err>
</testsuite>
